
Clover установщик r5120 (33816ae90) (installer library v1.1.5), 2020-08-09 02:39:33
macOS Версия 10.15.6 (Выпуск 19G73)
SELF = /Applications/Clover.app/Contents/MacOS/CloverDaemonNew
Backup made at:
/Users/think/Desktop/CloverBackUp/SAMSUNG MZVLW256HEHP-000L7 Media/r5119_2020-08-09_02-39-25/EFI.
Target volume: /Volumes/SYSTEM
BSD Name:      disk1s1
Filesystem:    FAT32
Is internal:   true
Is writable:   true
Installation type: UEFI

/dev/disk0 (internal, physical):
   #:                       TYPE NAME                    SIZE       IDENTIFIER
   0:      GUID_partition_scheme                        *240.1 GB   disk0
   1:                        EFI EFI                     209.7 MB   disk0s1
   2:                 Apple_APFS Container disk2         239.7 GB   disk0s2

/dev/disk1 (internal, physical):
   #:                       TYPE NAME                    SIZE       IDENTIFIER
   0:      GUID_partition_scheme                        *256.1 GB   disk1
   1:                        EFI SYSTEM                  272.6 MB   disk1s1
   2:         Microsoft Reserved                         16.8 MB    disk1s2
   3:       Microsoft Basic Data Windows                 232.6 GB   disk1s3
   4:           Windows Recovery                         1.0 GB     disk1s4
   5:           Linux Filesystem                         22.2 GB    disk1s5

/dev/disk2 (synthesized):
   #:                       TYPE NAME                    SIZE       IDENTIFIER
   0:      APFS Container Scheme -                      +239.7 GB   disk2
                                 Physical Store disk0s2
   1:                APFS Volume MacHDData               20.3 GB    disk2s1
   2:                APFS Volume Preboot                 84.0 MB    disk2s2
   3:                APFS Volume Recovery                528.8 MB   disk2s3
   4:                APFS Volume VM                      1.1 MB     disk2s4
   5:                APFS Volume MacHD                   11.3 GB    disk2s5




Installing/Updating Clover:
+ ../BOOT/BOOTX64.efi
+ ../CLOVER/CLOVERX64.efi

Installing/Updating drivers:
+ ../UEFI/AudioDxe.efi
+ ../UEFI/DataHubDxe.efi
+ ../UEFI/FSInject.efi
+ ../UEFI/SMCHelper.efi
+ ../UEFI/ApfsDriverLoader.efi
+ ../UEFI/VBoxHfs.efi
+ ../UEFI/OsxAptioFix3Drv.efi
+ ../UEFI/EmuVariableUefi.efi
+ ../UEFI/PartitionDxe.efi
+ ../BIOS/AudioDxe.efi
+ ../BIOS/FSInject.efi
+ ../BIOS/SMCHelper.efi
+ ../BIOS/XhciDxe.efi

Installing/Updating tools:
+ ../tools/Shell64.efi
+ ../tools/bdmesg.efi
+ ../tools/Shell64U.efi
+ ../tools/Shell32.efi

Installing/Updating docs:
+ ../doc/UEFI boot with Clover.rtf
+ ../doc/boot1f32-install.sh
+ ../doc/HowToInstallOSX.txt
+ ../doc/HowToFixDsdt.txt
+ ../doc/bcfg.txt